10Hz: FORCING FORMAT
10Hz: Processing frame -7 with size 614400
10Hz: Converting YUYV frame to YY and dumping
10Hz: Initial frame read at 0.000000
10Hz: Processing frame -6 with size 614400
10Hz: Converting YUYV frame to YY and dumping
10Hz: Initial frame read at 0.000000
10Hz: Processing frame -5 with size 614400
10Hz: Converting YUYV frame to YY and dumping
10Hz: Initial frame read at 0.000000
10Hz: Processing frame -4 with size 614400
10Hz: Converting YUYV frame to YY and dumping
10Hz: Initial frame read at 0.000000
10Hz: Processing frame -3 with size 614400
10Hz: Converting YUYV frame to YY and dumping
10Hz: Initial frame read at 0.000000
10Hz: Processing frame -2 with size 614400
10Hz: Converting YUYV frame to YY and dumping
10Hz: Initial frame read at 0.000000
10Hz: Processing frame -1 with size 614400
10Hz: Converting YUYV frame to YY and dumping
10Hz: Initial frame read at 0.000000
10Hz: Processing frame 0 with size 614400
10Hz: Converting YUYV frame to YY and dumping
